{
  "stats": {
    "suites": 1,
    "tests": 6,
    "passes": 6,
    "pending": 0,
    "failures": 0,
    "start": "2021-03-17T21:24:52.789Z",
    "end": "2021-03-17T21:25:02.357Z",
    "duration": 9568,
    "testsRegistered": 6,
    "passPercent": 100,
    "pendingPercent": 0,
    "other": 0,
    "hasOther": false,
    "skipped": 0,
    "hasSkipped": false
  },
  "results": [
    {
      "uuid": "e2b1e1d9-5321-4a62-aab8-8f373c2fbd75",
      "title": "",
      "fullFile": "cypress\\integration\\TodoMVC.spec.js",
      "file": "cypress\\integration\\TodoMVC.spec.js",
      "beforeHooks": [],
      "afterHooks": [],
      "tests": [],
      "suites": [
        {
          "uuid": "61fe369f-76fa-4b8a-98e0-9300007ffb2a",
          "title": "TodoMVC Test Suite",
          "fullFile": "",
          "file": "",
          "beforeHooks": [],
          "afterHooks": [],
          "tests": [
            {
              "title": "Cadastrar itens na lista",
              "fullTitle": "TodoMVC Test Suite Cadastrar itens na lista",
              "timedOut": null,
              "duration": 2197,
              "state": "passed",
              "speed": "slow",
              "pass": true,
              "fail": false,
              "pending": false,
              "context": null,
              "code": "cy.get(el.textArea).should('have.text', 'ITEM 1');",
              "err": {},
              "uuid": "f4fffdac-ade6-482f-8104-96fded6f481e",
              "parentUUID": "61fe369f-76fa-4b8a-98e0-9300007ffb2a",
              "isHook": false,
              "skipped": false
            },
            {
              "title": "Excluir itens da lista",
              "fullTitle": "TodoMVC Test Suite Excluir itens da lista",
              "timedOut": null,
              "duration": 944,
              "state": "passed",
              "speed": "slow",
              "pass": true,
              "fail": false,
              "pending": false,
              "context": null,
              "code": "_FrontPage[\"default\"].deleteItem();\n_FrontPage[\"default\"].deleteItem();\ncy.get(el.textArea).should('have.text', 'ITEM 3');",
              "err": {},
              "uuid": "d8fb9850-6833-420b-b124-e7425bf1dd6f",
              "parentUUID": "61fe369f-76fa-4b8a-98e0-9300007ffb2a",
              "isHook": false,
              "skipped": false
            },
            {
              "title": "Marcar 1 item como completo",
              "fullTitle": "TodoMVC Test Suite Marcar 1 item como completo",
              "timedOut": null,
              "duration": 930,
              "state": "passed",
              "speed": "slow",
              "pass": true,
              "fail": false,
              "pending": false,
              "context": null,
              "code": "_FrontPage[\"default\"].completeItem();\n_FrontPage[\"default\"].clickCompleted();\ncy.get(el.textArea).should('have.text', 'ITEM 1');",
              "err": {},
              "uuid": "d8abdb5b-249e-4e7e-b159-3fd97c4dc951",
              "parentUUID": "61fe369f-76fa-4b8a-98e0-9300007ffb2a",
              "isHook": false,
              "skipped": false
            },
            {
              "title": "Selecionar filtro ACTIVE",
              "fullTitle": "TodoMVC Test Suite Selecionar filtro ACTIVE",
              "timedOut": null,
              "duration": 983,
              "state": "passed",
              "speed": "slow",
              "pass": true,
              "fail": false,
              "pending": false,
              "context": null,
              "code": "_FrontPage[\"default\"].clickActive();\ncy.get(el.textArea).should('have.text', 'ITEM 1');",
              "err": {},
              "uuid": "c158db2c-c3bf-4422-9951-9ed5ba6191fb",
              "parentUUID": "61fe369f-76fa-4b8a-98e0-9300007ffb2a",
              "isHook": false,
              "skipped": false
            },
            {
              "title": "Selecionar filtro COMPLETED",
              "fullTitle": "TodoMVC Test Suite Selecionar filtro COMPLETED",
              "timedOut": null,
              "duration": 896,
              "state": "passed",
              "speed": "slow",
              "pass": true,
              "fail": false,
              "pending": false,
              "context": null,
              "code": "_FrontPage[\"default\"].completeItem();\n_FrontPage[\"default\"].clickCompleted();\ncy.get(el.textAreaComplete).should('have.text', 'ITEM 1');",
              "err": {},
              "uuid": "941ab7af-c1ac-469d-9e0e-579a5c5f069c",
              "parentUUID": "61fe369f-76fa-4b8a-98e0-9300007ffb2a",
              "isHook": false,
              "skipped": false
            },
            {
              "title": "Selecionar CLEAR COMPLETED",
              "fullTitle": "TodoMVC Test Suite Selecionar CLEAR COMPLETED",
              "timedOut": null,
              "duration": 1013,
              "state": "passed",
              "speed": "slow",
              "pass": true,
              "fail": false,
              "pending": false,
              "context": null,
              "code": "_FrontPage[\"default\"].completeItem();\n_FrontPage[\"default\"].clearCompleted();\n_FrontPage[\"default\"].clickActive();\ncy.get(el.textArea).should('have.text', 'ITEM 2');",
              "err": {},
              "uuid": "c784683e-d0e7-462e-a02b-fb87806a3b8e",
              "parentUUID": "61fe369f-76fa-4b8a-98e0-9300007ffb2a",
              "isHook": false,
              "skipped": false
            }
          ],
          "suites": [],
          "passes": [
            "f4fffdac-ade6-482f-8104-96fded6f481e",
            "d8fb9850-6833-420b-b124-e7425bf1dd6f",
            "d8abdb5b-249e-4e7e-b159-3fd97c4dc951",
            "c158db2c-c3bf-4422-9951-9ed5ba6191fb",
            "941ab7af-c1ac-469d-9e0e-579a5c5f069c",
            "c784683e-d0e7-462e-a02b-fb87806a3b8e"
          ],
          "failures": [],
          "pending": [],
          "skipped": [],
          "duration": 6963,
          "root": false,
          "rootEmpty": false,
          "_timeout": 2000
        }
      ],
      "passes": [],
      "failures": [],
      "pending": [],
      "skipped": [],
      "duration": 0,
      "root": true,
      "rootEmpty": true,
      "_timeout": 2000
    }
  ],
  "meta": {
    "mocha": {
      "version": "7.0.1"
    },
    "mochawesome": {
      "options": {
        "quiet": false,
        "reportFilename": "mochawesome",
        "saveHtml": false,
        "saveJson": true,
        "consoleReporter": "spec",
        "useInlineDiffs": false,
        "code": true
      },
      "version": "6.2.2"
    },
    "marge": {
      "options": {
        "id": "default",
        "reportDir": "cypress/reports/mocha",
        "quite": true,
        "overwrite": false,
        "html": false,
        "json": true
      },
      "version": "5.2.0"
    }
  }
}