{
  "stats": {
    "suites": 1,
    "tests": 3,
    "passes": 3,
    "pending": 0,
    "failures": 0,
    "start": "2021-03-17T21:24:44.300Z",
    "end": "2021-03-17T21:24:49.771Z",
    "duration": 5471,
    "testsRegistered": 3,
    "passPercent": 100,
    "pendingPercent": 0,
    "other": 0,
    "hasOther": false,
    "skipped": 0,
    "hasSkipped": false
  },
  "results": [
    {
      "uuid": "057df9c7-2cf7-4fd9-be80-58e98fdba67b",
      "title": "",
      "fullFile": "cypress\\integration\\SwaggerUI.spec.js",
      "file": "cypress\\integration\\SwaggerUI.spec.js",
      "beforeHooks": [],
      "afterHooks": [],
      "tests": [],
      "suites": [
        {
          "uuid": "7bcbe7cf-895c-4473-9ecd-7c12e0c60708",
          "title": "API Testing Suite",
          "fullFile": "",
          "file": "",
          "beforeHooks": [],
          "afterHooks": [],
          "tests": [
            {
              "title": "POST - Cadastrar um novo livro",
              "fullTitle": "API Testing Suite POST - Cadastrar um novo livro",
              "timedOut": null,
              "duration": 3021,
              "state": "passed",
              "speed": "slow",
              "pass": true,
              "fail": false,
              "pending": false,
              "context": null,
              "code": "var requestBody = {\n  \"id\": 1,\n  \"title\": \"Livro Elder\",\n  \"description\": \"Desafio Técnico Softplan\",\n  \"pageCount\": 111,\n  \"excerpt\": \"string\",\n  \"publishDate\": \"2021-03-17T17:23:31.095Z\"\n};\ncy.request('POST', '/Books', requestBody).its('body').should('include', {\n  title: 'Livro Elder'\n});",
              "err": {},
              "uuid": "8f7a8f7a-d96f-42d0-bb08-a988a3500681",
              "parentUUID": "7bcbe7cf-895c-4473-9ecd-7c12e0c60708",
              "isHook": false,
              "skipped": false
            },
            {
              "title": "GET - Validar retorno de todos os livros cadastrados",
              "fullTitle": "API Testing Suite GET - Validar retorno de todos os livros cadastrados",
              "timedOut": null,
              "duration": 2058,
              "state": "passed",
              "speed": "slow",
              "pass": true,
              "fail": false,
              "pending": false,
              "context": null,
              "code": "cy.request('GET', '/Books').then(function (response) {\n  expect(response).to.have.property('status', 200);\n  expect(response.body).to.not.be[\"null\"];\n});",
              "err": {},
              "uuid": "91a977e8-0c0b-40f4-b5b2-45c2f1762ec3",
              "parentUUID": "7bcbe7cf-895c-4473-9ecd-7c12e0c60708",
              "isHook": false,
              "skipped": false
            },
            {
              "title": "GET - Validar retorno de dados do livro desejado",
              "fullTitle": "API Testing Suite GET - Validar retorno de dados do livro desejado",
              "timedOut": null,
              "duration": 340,
              "state": "passed",
              "speed": "slow",
              "pass": true,
              "fail": false,
              "pending": false,
              "context": null,
              "code": "cy.request('GET', '/Books/4').its('body').should('include', {\n  title: 'Book 4'\n});",
              "err": {},
              "uuid": "b000fcfa-a995-4b00-a0ae-9f037d365dc5",
              "parentUUID": "7bcbe7cf-895c-4473-9ecd-7c12e0c60708",
              "isHook": false,
              "skipped": false
            }
          ],
          "suites": [],
          "passes": [
            "8f7a8f7a-d96f-42d0-bb08-a988a3500681",
            "91a977e8-0c0b-40f4-b5b2-45c2f1762ec3",
            "b000fcfa-a995-4b00-a0ae-9f037d365dc5"
          ],
          "failures": [],
          "pending": [],
          "skipped": [],
          "duration": 5419,
          "root": false,
          "rootEmpty": false,
          "_timeout": 2000
        }
      ],
      "passes": [],
      "failures": [],
      "pending": [],
      "skipped": [],
      "duration": 0,
      "root": true,
      "rootEmpty": true,
      "_timeout": 2000
    }
  ],
  "meta": {
    "mocha": {
      "version": "7.0.1"
    },
    "mochawesome": {
      "options": {
        "quiet": false,
        "reportFilename": "mochawesome",
        "saveHtml": false,
        "saveJson": true,
        "consoleReporter": "spec",
        "useInlineDiffs": false,
        "code": true
      },
      "version": "6.2.2"
    },
    "marge": {
      "options": {
        "id": "default",
        "reportDir": "cypress/reports/mocha",
        "quite": true,
        "overwrite": false,
        "html": false,
        "json": true
      },
      "version": "5.2.0"
    }
  }
}