{
  "stats": {
    "suites": 2,
    "tests": 9,
    "passes": 9,
    "pending": 0,
    "failures": 0,
    "start": "2021-03-17T21:24:44.300Z",
    "end": "2021-03-17T21:25:02.357Z",
    "duration": 12382,
    "testsRegistered": 9,
    "passPercent": 100,
    "pendingPercent": 0,
    "other": 0,
    "hasOther": false,
    "skipped": 0,
    "hasSkipped": false
  },
  "results": [
    {
      "uuid": "e2b1e1d9-5321-4a62-aab8-8f373c2fbd75",
      "title": "",
      "fullFile": "cypress\\integration\\TodoMVC.spec.js",
      "file": "cypress\\integration\\TodoMVC.spec.js",
      "beforeHooks": [],
      "afterHooks": [],
      "tests": [],
      "suites": [
        {
          "uuid": "61fe369f-76fa-4b8a-98e0-9300007ffb2a",
          "title": "TodoMVC Test Suite",
          "fullFile": "",
          "file": "",
          "beforeHooks": [],
          "afterHooks": [],
          "tests": [
            {
              "title": "Cadastrar itens na lista",
              "fullTitle": "TodoMVC Test Suite Cadastrar itens na lista",
              "timedOut": null,
              "duration": 2197,
              "state": "passed",
              "speed": "slow",
              "pass": true,
              "fail": false,
              "pending": false,
              "context": null,
              "code": "cy.get(el.textArea).should('have.text', 'ITEM 1');",
              "err": {},
              "uuid": "f4fffdac-ade6-482f-8104-96fded6f481e",
              "parentUUID": "61fe369f-76fa-4b8a-98e0-9300007ffb2a",
              "isHook": false,
              "skipped": false
            },
            {
              "title": "Excluir itens da lista",
              "fullTitle": "TodoMVC Test Suite Excluir itens da lista",
              "timedOut": null,
              "duration": 944,
              "state": "passed",
              "speed": "slow",
              "pass": true,
              "fail": false,
              "pending": false,
              "context": null,
              "code": "_FrontPage[\"default\"].deleteItem();\n_FrontPage[\"default\"].deleteItem();\ncy.get(el.textArea).should('have.text', 'ITEM 3');",
              "err": {},
              "uuid": "d8fb9850-6833-420b-b124-e7425bf1dd6f",
              "parentUUID": "61fe369f-76fa-4b8a-98e0-9300007ffb2a",
              "isHook": false,
              "skipped": false
            },
            {
              "title": "Marcar 1 item como completo",
              "fullTitle": "TodoMVC Test Suite Marcar 1 item como completo",
              "timedOut": null,
              "duration": 930,
              "state": "passed",
              "speed": "slow",
              "pass": true,
              "fail": false,
              "pending": false,
              "context": null,
              "code": "_FrontPage[\"default\"].completeItem();\n_FrontPage[\"default\"].clickCompleted();\ncy.get(el.textArea).should('have.text', 'ITEM 1');",
              "err": {},
              "uuid": "d8abdb5b-249e-4e7e-b159-3fd97c4dc951",
              "parentUUID": "61fe369f-76fa-4b8a-98e0-9300007ffb2a",
              "isHook": false,
              "skipped": false
            },
            {
              "title": "Selecionar filtro ACTIVE",
              "fullTitle": "TodoMVC Test Suite Selecionar filtro ACTIVE",
              "timedOut": null,
              "duration": 983,
              "state": "passed",
              "speed": "slow",
              "pass": true,
              "fail": false,
              "pending": false,
              "context": null,
              "code": "_FrontPage[\"default\"].clickActive();\ncy.get(el.textArea).should('have.text', 'ITEM 1');",
              "err": {},
              "uuid": "c158db2c-c3bf-4422-9951-9ed5ba6191fb",
              "parentUUID": "61fe369f-76fa-4b8a-98e0-9300007ffb2a",
              "isHook": false,
              "skipped": false
            },
            {
              "title": "Selecionar filtro COMPLETED",
              "fullTitle": "TodoMVC Test Suite Selecionar filtro COMPLETED",
              "timedOut": null,
              "duration": 896,
              "state": "passed",
              "speed": "slow",
              "pass": true,
              "fail": false,
              "pending": false,
              "context": null,
              "code": "_FrontPage[\"default\"].completeItem();\n_FrontPage[\"default\"].clickCompleted();\ncy.get(el.textAreaComplete).should('have.text', 'ITEM 1');",
              "err": {},
              "uuid": "941ab7af-c1ac-469d-9e0e-579a5c5f069c",
              "parentUUID": "61fe369f-76fa-4b8a-98e0-9300007ffb2a",
              "isHook": false,
              "skipped": false
            },
            {
              "title": "Selecionar CLEAR COMPLETED",
              "fullTitle": "TodoMVC Test Suite Selecionar CLEAR COMPLETED",
              "timedOut": null,
              "duration": 1013,
              "state": "passed",
              "speed": "slow",
              "pass": true,
              "fail": false,
              "pending": false,
              "context": null,
              "code": "_FrontPage[\"default\"].completeItem();\n_FrontPage[\"default\"].clearCompleted();\n_FrontPage[\"default\"].clickActive();\ncy.get(el.textArea).should('have.text', 'ITEM 2');",
              "err": {},
              "uuid": "c784683e-d0e7-462e-a02b-fb87806a3b8e",
              "parentUUID": "61fe369f-76fa-4b8a-98e0-9300007ffb2a",
              "isHook": false,
              "skipped": false
            }
          ],
          "suites": [],
          "passes": [
            "f4fffdac-ade6-482f-8104-96fded6f481e",
            "d8fb9850-6833-420b-b124-e7425bf1dd6f",
            "d8abdb5b-249e-4e7e-b159-3fd97c4dc951",
            "c158db2c-c3bf-4422-9951-9ed5ba6191fb",
            "941ab7af-c1ac-469d-9e0e-579a5c5f069c",
            "c784683e-d0e7-462e-a02b-fb87806a3b8e"
          ],
          "failures": [],
          "pending": [],
          "skipped": [],
          "duration": 6963,
          "root": false,
          "rootEmpty": false,
          "_timeout": 2000
        }
      ],
      "passes": [],
      "failures": [],
      "pending": [],
      "skipped": [],
      "duration": 0,
      "root": true,
      "rootEmpty": true,
      "_timeout": 2000
    },
    {
      "uuid": "057df9c7-2cf7-4fd9-be80-58e98fdba67b",
      "title": "",
      "fullFile": "cypress\\integration\\SwaggerUI.spec.js",
      "file": "cypress\\integration\\SwaggerUI.spec.js",
      "beforeHooks": [],
      "afterHooks": [],
      "tests": [],
      "suites": [
        {
          "uuid": "7bcbe7cf-895c-4473-9ecd-7c12e0c60708",
          "title": "API Testing Suite",
          "fullFile": "",
          "file": "",
          "beforeHooks": [],
          "afterHooks": [],
          "tests": [
            {
              "title": "POST - Cadastrar um novo livro",
              "fullTitle": "API Testing Suite POST - Cadastrar um novo livro",
              "timedOut": null,
              "duration": 3021,
              "state": "passed",
              "speed": "slow",
              "pass": true,
              "fail": false,
              "pending": false,
              "context": null,
              "code": "var requestBody = {\n  \"id\": 1,\n  \"title\": \"Livro Elder\",\n  \"description\": \"Desafio Técnico Softplan\",\n  \"pageCount\": 111,\n  \"excerpt\": \"string\",\n  \"publishDate\": \"2021-03-17T17:23:31.095Z\"\n};\ncy.request('POST', '/Books', requestBody).its('body').should('include', {\n  title: 'Livro Elder'\n});",
              "err": {},
              "uuid": "8f7a8f7a-d96f-42d0-bb08-a988a3500681",
              "parentUUID": "7bcbe7cf-895c-4473-9ecd-7c12e0c60708",
              "isHook": false,
              "skipped": false
            },
            {
              "title": "GET - Validar retorno de todos os livros cadastrados",
              "fullTitle": "API Testing Suite GET - Validar retorno de todos os livros cadastrados",
              "timedOut": null,
              "duration": 2058,
              "state": "passed",
              "speed": "slow",
              "pass": true,
              "fail": false,
              "pending": false,
              "context": null,
              "code": "cy.request('GET', '/Books').then(function (response) {\n  expect(response).to.have.property('status', 200);\n  expect(response.body).to.not.be[\"null\"];\n});",
              "err": {},
              "uuid": "91a977e8-0c0b-40f4-b5b2-45c2f1762ec3",
              "parentUUID": "7bcbe7cf-895c-4473-9ecd-7c12e0c60708",
              "isHook": false,
              "skipped": false
            },
            {
              "title": "GET - Validar retorno de dados do livro desejado",
              "fullTitle": "API Testing Suite GET - Validar retorno de dados do livro desejado",
              "timedOut": null,
              "duration": 340,
              "state": "passed",
              "speed": "slow",
              "pass": true,
              "fail": false,
              "pending": false,
              "context": null,
              "code": "cy.request('GET', '/Books/4').its('body').should('include', {\n  title: 'Book 4'\n});",
              "err": {},
              "uuid": "b000fcfa-a995-4b00-a0ae-9f037d365dc5",
              "parentUUID": "7bcbe7cf-895c-4473-9ecd-7c12e0c60708",
              "isHook": false,
              "skipped": false
            }
          ],
          "suites": [],
          "passes": [
            "8f7a8f7a-d96f-42d0-bb08-a988a3500681",
            "91a977e8-0c0b-40f4-b5b2-45c2f1762ec3",
            "b000fcfa-a995-4b00-a0ae-9f037d365dc5"
          ],
          "failures": [],
          "pending": [],
          "skipped": [],
          "duration": 5419,
          "root": false,
          "rootEmpty": false,
          "_timeout": 2000
        }
      ],
      "passes": [],
      "failures": [],
      "pending": [],
      "skipped": [],
      "duration": 0,
      "root": true,
      "rootEmpty": true,
      "_timeout": 2000
    }
  ],
  "meta": {
    "mocha": {
      "version": "7.0.1"
    },
    "mochawesome": {
      "options": {
        "quiet": false,
        "reportFilename": "mochawesome",
        "saveHtml": false,
        "saveJson": true,
        "consoleReporter": "spec",
        "useInlineDiffs": false,
        "code": true
      },
      "version": "6.2.2"
    },
    "marge": {
      "options": {
        "id": "default",
        "reportDir": "cypress/reports/mocha",
        "quite": true,
        "overwrite": false,
        "html": false,
        "json": true
      },
      "version": "5.2.0"
    }
  }
}